<?xml version="1.0" encoding="UTF-8"?>
<testsuite name="Spek" tests="19" skipped="0" failures="2" errors="0" time="0.078" hostname="Zayci" timestamp="2018-06-02T00:26:48">
<properties>
[...]
</properties>
<testcase name="it should create range that contains all elements from lower bound to upper bound" classname="org.flaxo.structures.RangeSpec" time="0.015">
<system-out><![CDATA[
unique-id: [engine:spek]/[spec:org.flaxo.structures.RangeSpec]/[group:describe range]/[group:on creating range where left bound is lower than right bound]/[test:it should create range that contains all elements from lower bound to upper bound]
display-name: it should create range that contains all elements from lower bound to upper bound
]]></system-out>
</testcase>
<testcase name="it should throw IllegalArgumentException if a lower bound is greater than an upper bound" classname="org.flaxo.structures.RangeSpec" time="0.016">
<failure message="[20, 10] should not be valid. Expected an exception of class java.lang.IllegalArgumentException to be thrown, but was completed successfully." type="java.lang.AssertionError"><![CDATA[java.lang.AssertionError: [20, 10] should not be valid. Expected an exception of class java.lang.IllegalArgumentException to be thrown, but was completed successfully.
	at kotlin.test.DefaultAsserter.fail(DefaultAsserter.kt:12)
	at kotlin.test.AssertionsKt__AssertionsImplKt.assertFailsWithImpl$AssertionsKt__AssertionsImplKt(AssertionsImpl.kt:41)
	at kotlin.test.AssertionsKt__AssertionsImplKt.assertFailsWith(AssertionsImpl.kt:46)
	at kotlin.test.AssertionsKt.assertFailsWith(Unknown Source)
	at org.flaxo.structures.RangeSpec$1$1$2$1.invoke(RangeSpec.kt:31)
	at org.flaxo.structures.RangeSpec$1$1$2$1.invoke(RangeSpec.kt:12)
	at org.jetbrains.spek.engine.Scope$Test.execute(Scope.kt:102)
	at org.jetbrains.spek.engine.Scope$Test.execute(Scope.kt:80)
	at org.junit.platform.engine.support.hierarchical.HierarchicalTestExecutor.lambda$execute$3(HierarchicalTestExecutor.java:83)
	at org.junit.platform.engine.support.hierarchical.SingleTestExecutor.executeSafely(SingleTestExecutor.java:66)
	at org.junit.platform.engine.support.hierarchical.HierarchicalTestExecutor.execute(HierarchicalTestExecutor.java:77)
	at org.junit.platform.engine.support.hierarchical.HierarchicalTestExecutor.lambda$null$2(HierarchicalTestExecutor.java:92)
	at java.util.stream.ForEachOps$ForEachOp$OfRef.accept(ForEachOps.java:184)
	at java.util.stream.ReferencePipeline$2$1.accept(ReferencePipeline.java:175)
	at java.util.Iterator.forEachRemaining(Iterator.java:116)
	at java.util.Spliterators$IteratorSpliterator.forEachRemaining(Spliterators.java:1801)
	at java.util.stream.AbstractPipeline.copyInto(AbstractPipeline.java:481)
	at java.util.stream.AbstractPipeline.wrapAndCopyInto(AbstractPipeline.java:471)
	at java.util.stream.ForEachOps$ForEachOp.evaluateSequential(ForEachOps.java:151)
	at java.util.stream.ForEachOps$ForEachOp$OfRef.evaluateSequential(ForEachOps.java:174)
	at java.util.stream.AbstractPipeline.evaluate(AbstractPipeline.java:234)
	at java.util.stream.ReferencePipeline.forEach(ReferencePipeline.java:418)
	at org.junit.platform.engine.support.hierarchical.HierarchicalTestExecutor.lambda$execute$3(HierarchicalTestExecutor.java:92)
	at org.junit.platform.engine.support.hierarchical.SingleTestExecutor.executeSafely(SingleTestExecutor.java:66)
	at org.junit.platform.engine.support.hierarchical.HierarchicalTestExecutor.execute(HierarchicalTestExecutor.java:77)
	at org.junit.platform.engine.support.hierarchical.HierarchicalTestExecutor.lambda$null$2(HierarchicalTestExecutor.java:92)
	at java.util.stream.ForEachOps$ForEachOp$OfRef.accept(ForEachOps.java:184)
	at java.util.stream.ReferencePipeline$2$1.accept(ReferencePipeline.java:175)
	at java.util.Iterator.forEachRemaining(Iterator.java:116)
	at java.util.Spliterators$IteratorSpliterator.forEachRemaining(Spliterators.java:1801)
	at java.util.stream.AbstractPipeline.copyInto(AbstractPipeline.java:481)
	at java.util.stream.AbstractPipeline.wrapAndCopyInto(AbstractPipeline.java:471)
	at java.util.stream.ForEachOps$ForEachOp.evaluateSequential(ForEachOps.java:151)
	at java.util.stream.ForEachOps$ForEachOp$OfRef.evaluateSequential(ForEachOps.java:174)
	at java.util.stream.AbstractPipeline.evaluate(AbstractPipeline.java:234)
	at java.util.stream.ReferencePipeline.forEach(ReferencePipeline.java:418)
	at org.junit.platform.engine.support.hierarchical.HierarchicalTestExecutor.lambda$execute$3(HierarchicalTestExecutor.java:92)
	at org.junit.platform.engine.support.hierarchical.SingleTestExecutor.executeSafely(SingleTestExecutor.java:66)
	at org.junit.platform.engine.support.hierarchical.HierarchicalTestExecutor.execute(HierarchicalTestExecutor.java:77)
	at org.junit.platform.engine.support.hierarchical.HierarchicalTestExecutor.lambda$null$2(HierarchicalTestExecutor.java:92)
	at java.util.stream.ForEachOps$ForEachOp$OfRef.accept(ForEachOps.java:184)
	at java.util.stream.ReferencePipeline$2$1.accept(ReferencePipeline.java:175)
	at java.util.Iterator.forEachRemaining(Iterator.java:116)
	at java.util.Spliterators$IteratorSpliterator.forEachRemaining(Spliterators.java:1801)
	at java.util.stream.AbstractPipeline.copyInto(AbstractPipeline.java:481)
	at java.util.stream.AbstractPipeline.wrapAndCopyInto(AbstractPipeline.java:471)
	at java.util.stream.ForEachOps$ForEachOp.evaluateSequential(ForEachOps.java:151)
	at java.util.stream.ForEachOps$ForEachOp$OfRef.evaluateSequential(ForEachOps.java:174)
	at java.util.stream.AbstractPipeline.evaluate(AbstractPipeline.java:234)
	at java.util.stream.ReferencePipeline.forEach(ReferencePipeline.java:418)
	at org.junit.platform.engine.support.hierarchical.HierarchicalTestExecutor.lambda$execute$3(HierarchicalTestExecutor.java:92)
	at org.junit.platform.engine.support.hierarchical.SingleTestExecutor.executeSafely(SingleTestExecutor.java:66)
	at org.junit.platform.engine.support.hierarchical.HierarchicalTestExecutor.execute(HierarchicalTestExecutor.java:77)
	at org.junit.platform.engine.support.hierarchical.HierarchicalTestExecutor.lambda$null$2(HierarchicalTestExecutor.java:92)
	at java.util.stream.ForEachOps$ForEachOp$OfRef.accept(ForEachOps.java:184)
	at java.util.stream.ReferencePipeline$2$1.accept(ReferencePipeline.java:175)
	at java.util.Iterator.forEachRemaining(Iterator.java:116)
	at java.util.Spliterators$IteratorSpliterator.forEachRemaining(Spliterators.java:1801)
	at java.util.stream.AbstractPipeline.copyInto(AbstractPipeline.java:481)
	at java.util.stream.AbstractPipeline.wrapAndCopyInto(AbstractPipeline.java:471)
	at java.util.stream.ForEachOps$ForEachOp.evaluateSequential(ForEachOps.java:151)
	at java.util.stream.ForEachOps$ForEachOp$OfRef.evaluateSequential(ForEachOps.java:174)
	at java.util.stream.AbstractPipeline.evaluate(AbstractPipeline.java:234)
	at java.util.stream.ReferencePipeline.forEach(ReferencePipeline.java:418)
	at org.junit.platform.engine.support.hierarchical.HierarchicalTestExecutor.lambda$execute$3(HierarchicalTestExecutor.java:92)
	at org.junit.platform.engine.support.hierarchical.SingleTestExecutor.executeSafely(SingleTestExecutor.java:66)
	at org.junit.platform.engine.support.hierarchical.HierarchicalTestExecutor.execute(HierarchicalTestExecutor.java:77)
	at org.junit.platform.engine.support.hierarchical.HierarchicalTestExecutor.execute(HierarchicalTestExecutor.java:51)
	at org.junit.platform.engine.support.hierarchical.HierarchicalTestEngine.execute(HierarchicalTestEngine.java:43)
	at org.junit.platform.launcher.core.DefaultLauncher.execute(DefaultLauncher.java:170)
	at org.junit.platform.launcher.core.DefaultLauncher.execute(DefaultLauncher.java:154)
	at org.junit.platform.launcher.core.DefaultLauncher.execute(DefaultLauncher.java:90)
	at org.junit.platform.console.tasks.ConsoleTestExecutor.executeTests(ConsoleTestExecutor.java:65)
	at org.junit.platform.console.tasks.ConsoleTestExecutor.lambda$execute$0(ConsoleTestExecutor.java:57)
	at org.junit.platform.console.tasks.CustomContextClassLoaderExecutor.invoke(CustomContextClassLoaderExecutor.java:33)
	at org.junit.platform.console.tasks.ConsoleTestExecutor.execute(ConsoleTestExecutor.java:57)
	at org.junit.platform.console.ConsoleLauncher.executeTests(ConsoleLauncher.java:84)
	at org.junit.platform.console.ConsoleLauncher.execute(ConsoleLauncher.java:74)
	at org.junit.platform.console.ConsoleLauncher.execute(ConsoleLauncher.java:47)
	at org.junit.platform.console.ConsoleLauncher.main(ConsoleLauncher.java:39)
]]></failure>
<system-out><![CDATA[
unique-id: [engine:spek]/[spec:org.flaxo.structures.RangeSpec]/[group:describe range]/[group:on creating range where left bound is greater than right bound]/[test:it should throw IllegalArgumentException if a lower bound is greater than an upper bound]
display-name: it should throw IllegalArgumentException if a lower bound is greater than an upper bound
]]></system-out>
</testcase>
<testcase name="it should create range that contains single element" classname="org.flaxo.structures.RangeSpec" time="0">
<system-out><![CDATA[
unique-id: [engine:spek]/[spec:org.flaxo.structures.RangeSpec]/[group:describe range]/[group:on creating range where left bound equals to right bound]/[test:it should create range that contains single element]
display-name: it should create range that contains single element
]]></system-out>
</testcase>
<testcase name="it should return range with Integer.MIN_VALUE and Integer.MAX_VALUE bounds" classname="org.flaxo.structures.RangeSpec" time="0">
<system-out><![CDATA[
unique-id: [engine:spek]/[spec:org.flaxo.structures.RangeSpec]/[group:describe range]/[group:on creating range where bound is Integer.MIN_VALUE and Integer.MAX_VALUE]/[test:it should return range with Integer.MIN_VALUE and Integer.MAX_VALUE bounds]
display-name: it should return range with Integer.MIN_VALUE and Integer.MAX_VALUE bounds
]]></system-out>
</testcase>
<testcase name="it should return range that contains all possible integer value" classname="org.flaxo.structures.RangeSpec" time="0">
<system-out><![CDATA[
unique-id: [engine:spek]/[spec:org.flaxo.structures.RangeSpec]/[group:describe range]/[group:on creating range where bound is Integer.MIN_VALUE and Integer.MAX_VALUE]/[test:it should return range that contains all possible integer value]
display-name: it should return range that contains all possible integer value
]]></system-out>
</testcase>
<testcase name="it should contain it" classname="org.flaxo.structures.RangeSpec" time="0">
<system-out><![CDATA[
unique-id: [engine:spek]/[spec:org.flaxo.structures.RangeSpec]/[group:describe range]/[group:on checking if range contains its left bound]/[test:it should contain it]
display-name: it should contain it
]]></system-out>
</testcase>
<testcase name="it should contain it" classname="org.flaxo.structures.RangeSpec" time="0">
<system-out><![CDATA[
unique-id: [engine:spek]/[spec:org.flaxo.structures.RangeSpec]/[group:describe range]/[group:on checking if range contains its right bound]/[test:it should contain it]
display-name: it should contain it
]]></system-out>
</testcase>
<testcase name="it should not contain it" classname="org.flaxo.structures.RangeSpec" time="0">
<failure message="[20, 30] should not contain 10" type="java.lang.AssertionError"><![CDATA[java.lang.AssertionError: [20, 30] should not contain 10
	at kotlin.test.DefaultAsserter.fail(DefaultAsserter.kt:12)
	at kotlin.test.Asserter$DefaultImpls.assertTrue(Assertions.kt:157)
	at kotlin.test.DefaultAsserter.assertTrue(DefaultAsserter.kt:7)
	at kotlin.test.Asserter$DefaultImpls.assertTrue(Assertions.kt:167)
	at kotlin.test.DefaultAsserter.assertTrue(DefaultAsserter.kt:7)
	at kotlin.test.AssertionsKt__AssertionsKt.assertFalse(Assertions.kt:54)
	at kotlin.test.AssertionsKt.assertFalse(Unknown Source)
	at kotlin.test.AssertionsKt__AssertionsKt.assertFalse(Assertions.kt:49)
	at kotlin.test.AssertionsKt.assertFalse(Unknown Source)
	at org.flaxo.structures.RangeSpec$1$1$7$1.invoke(RangeSpec.kt:86)
	at org.flaxo.structures.RangeSpec$1$1$7$1.invoke(RangeSpec.kt:12)
	at org.jetbrains.spek.engine.Scope$Test.execute(Scope.kt:102)
	at org.jetbrains.spek.engine.Scope$Test.execute(Scope.kt:80)
	at org.junit.platform.engine.support.hierarchical.HierarchicalTestExecutor.lambda$execute$3(HierarchicalTestExecutor.java:83)
	at org.junit.platform.engine.support.hierarchical.SingleTestExecutor.executeSafely(SingleTestExecutor.java:66)
	at org.junit.platform.engine.support.hierarchical.HierarchicalTestExecutor.execute(HierarchicalTestExecutor.java:77)
	at org.junit.platform.engine.support.hierarchical.HierarchicalTestExecutor.lambda$null$2(HierarchicalTestExecutor.java:92)
	at java.util.stream.ForEachOps$ForEachOp$OfRef.accept(ForEachOps.java:184)
	at java.util.stream.ReferencePipeline$2$1.accept(ReferencePipeline.java:175)
	at java.util.Iterator.forEachRemaining(Iterator.java:116)
	at java.util.Spliterators$IteratorSpliterator.forEachRemaining(Spliterators.java:1801)
	at java.util.stream.AbstractPipeline.copyInto(AbstractPipeline.java:481)
	at java.util.stream.AbstractPipeline.wrapAndCopyInto(AbstractPipeline.java:471)
	at java.util.stream.ForEachOps$ForEachOp.evaluateSequential(ForEachOps.java:151)
	at java.util.stream.ForEachOps$ForEachOp$OfRef.evaluateSequential(ForEachOps.java:174)
	at java.util.stream.AbstractPipeline.evaluate(AbstractPipeline.java:234)
	at java.util.stream.ReferencePipeline.forEach(ReferencePipeline.java:418)
	at org.junit.platform.engine.support.hierarchical.HierarchicalTestExecutor.lambda$execute$3(HierarchicalTestExecutor.java:92)
	at org.junit.platform.engine.support.hierarchical.SingleTestExecutor.executeSafely(SingleTestExecutor.java:66)
	at org.junit.platform.engine.support.hierarchical.HierarchicalTestExecutor.execute(HierarchicalTestExecutor.java:77)
	at org.junit.platform.engine.support.hierarchical.HierarchicalTestExecutor.lambda$null$2(HierarchicalTestExecutor.java:92)
	at java.util.stream.ForEachOps$ForEachOp$OfRef.accept(ForEachOps.java:184)
	at java.util.stream.ReferencePipeline$2$1.accept(ReferencePipeline.java:175)
	at java.util.Iterator.forEachRemaining(Iterator.java:116)
	at java.util.Spliterators$IteratorSpliterator.forEachRemaining(Spliterators.java:1801)
	at java.util.stream.AbstractPipeline.copyInto(AbstractPipeline.java:481)
	at java.util.stream.AbstractPipeline.wrapAndCopyInto(AbstractPipeline.java:471)
	at java.util.stream.ForEachOps$ForEachOp.evaluateSequential(ForEachOps.java:151)
	at java.util.stream.ForEachOps$ForEachOp$OfRef.evaluateSequential(ForEachOps.java:174)
	at java.util.stream.AbstractPipeline.evaluate(AbstractPipeline.java:234)
	at java.util.stream.ReferencePipeline.forEach(ReferencePipeline.java:418)
	at org.junit.platform.engine.support.hierarchical.HierarchicalTestExecutor.lambda$execute$3(HierarchicalTestExecutor.java:92)
	at org.junit.platform.engine.support.hierarchical.SingleTestExecutor.executeSafely(SingleTestExecutor.java:66)
	at org.junit.platform.engine.support.hierarchical.HierarchicalTestExecutor.execute(HierarchicalTestExecutor.java:77)
	at org.junit.platform.engine.support.hierarchical.HierarchicalTestExecutor.lambda$null$2(HierarchicalTestExecutor.java:92)
	at java.util.stream.ForEachOps$ForEachOp$OfRef.accept(ForEachOps.java:184)
	at java.util.stream.ReferencePipeline$2$1.accept(ReferencePipeline.java:175)
	at java.util.Iterator.forEachRemaining(Iterator.java:116)
	at java.util.Spliterators$IteratorSpliterator.forEachRemaining(Spliterators.java:1801)
	at java.util.stream.AbstractPipeline.copyInto(AbstractPipeline.java:481)
	at java.util.stream.AbstractPipeline.wrapAndCopyInto(AbstractPipeline.java:471)
	at java.util.stream.ForEachOps$ForEachOp.evaluateSequential(ForEachOps.java:151)
	at java.util.stream.ForEachOps$ForEachOp$OfRef.evaluateSequential(ForEachOps.java:174)
	at java.util.stream.AbstractPipeline.evaluate(AbstractPipeline.java:234)
	at java.util.stream.ReferencePipeline.forEach(ReferencePipeline.java:418)
	at org.junit.platform.engine.support.hierarchical.HierarchicalTestExecutor.lambda$execute$3(HierarchicalTestExecutor.java:92)
	at org.junit.platform.engine.support.hierarchical.SingleTestExecutor.executeSafely(SingleTestExecutor.java:66)
	at org.junit.platform.engine.support.hierarchical.HierarchicalTestExecutor.execute(HierarchicalTestExecutor.java:77)
	at org.junit.platform.engine.support.hierarchical.HierarchicalTestExecutor.lambda$null$2(HierarchicalTestExecutor.java:92)
	at java.util.stream.ForEachOps$ForEachOp$OfRef.accept(ForEachOps.java:184)
	at java.util.stream.ReferencePipeline$2$1.accept(ReferencePipeline.java:175)
	at java.util.Iterator.forEachRemaining(Iterator.java:116)
	at java.util.Spliterators$IteratorSpliterator.forEachRemaining(Spliterators.java:1801)
	at java.util.stream.AbstractPipeline.copyInto(AbstractPipeline.java:481)
	at java.util.stream.AbstractPipeline.wrapAndCopyInto(AbstractPipeline.java:471)
	at java.util.stream.ForEachOps$ForEachOp.evaluateSequential(ForEachOps.java:151)
	at java.util.stream.ForEachOps$ForEachOp$OfRef.evaluateSequential(ForEachOps.java:174)
	at java.util.stream.AbstractPipeline.evaluate(AbstractPipeline.java:234)
	at java.util.stream.ReferencePipeline.forEach(ReferencePipeline.java:418)
	at org.junit.platform.engine.support.hierarchical.HierarchicalTestExecutor.lambda$execute$3(HierarchicalTestExecutor.java:92)
	at org.junit.platform.engine.support.hierarchical.SingleTestExecutor.executeSafely(SingleTestExecutor.java:66)
	at org.junit.platform.engine.support.hierarchical.HierarchicalTestExecutor.execute(HierarchicalTestExecutor.java:77)
	at org.junit.platform.engine.support.hierarchical.HierarchicalTestExecutor.execute(HierarchicalTestExecutor.java:51)
	at org.junit.platform.engine.support.hierarchical.HierarchicalTestEngine.execute(HierarchicalTestEngine.java:43)
	at org.junit.platform.launcher.core.DefaultLauncher.execute(DefaultLauncher.java:170)
	at org.junit.platform.launcher.core.DefaultLauncher.execute(DefaultLauncher.java:154)
	at org.junit.platform.launcher.core.DefaultLauncher.execute(DefaultLauncher.java:90)
	at org.junit.platform.console.tasks.ConsoleTestExecutor.executeTests(ConsoleTestExecutor.java:65)
	at org.junit.platform.console.tasks.ConsoleTestExecutor.lambda$execute$0(ConsoleTestExecutor.java:57)
	at org.junit.platform.console.tasks.CustomContextClassLoaderExecutor.invoke(CustomContextClassLoaderExecutor.java:33)
	at org.junit.platform.console.tasks.ConsoleTestExecutor.execute(ConsoleTestExecutor.java:57)
	at org.junit.platform.console.ConsoleLauncher.executeTests(ConsoleLauncher.java:84)
	at org.junit.platform.console.ConsoleLauncher.execute(ConsoleLauncher.java:74)
	at org.junit.platform.console.ConsoleLauncher.execute(ConsoleLauncher.java:47)
	at org.junit.platform.console.ConsoleLauncher.main(ConsoleLauncher.java:39)
]]></failure>
<system-out><![CDATA[
unique-id: [engine:spek]/[spec:org.flaxo.structures.RangeSpec]/[group:describe range]/[group:on checking if range contains element that is out of bounds]/[test:it should not contain it]
display-name: it should not contain it
]]></system-out>
</testcase>
<testcase name="it should be before range if right bound of the range is lower than left bound of another range" classname="org.flaxo.structures.RangeSpec" time="0">
<system-out><![CDATA[
unique-id: [engine:spek]/[spec:org.flaxo.structures.RangeSpec]/[group:describe range]/[group:on checking if range is before another range]/[test:it should be before range if right bound of the range is lower than left bound of another range]
display-name: it should be before range if right bound of the range is lower than left bound of another range
]]></system-out>
</testcase>
<testcase name="it should not be before range if right bound of the range equals to left bound of another range" classname="org.flaxo.structures.RangeSpec" time="0">
<system-out><![CDATA[
unique-id: [engine:spek]/[spec:org.flaxo.structures.RangeSpec]/[group:describe range]/[group:on checking if range is before another range]/[test:it should not be before range if right bound of the range equals to left bound of another range]
display-name: it should not be before range if right bound of the range equals to left bound of another range
]]></system-out>
</testcase>
<testcase name="it should not be before range if right bound of the range is higher than left bound of another range" classname="org.flaxo.structures.RangeSpec" time="0">
<system-out><![CDATA[
unique-id: [engine:spek]/[spec:org.flaxo.structures.RangeSpec]/[group:describe range]/[group:on checking if range is before another range]/[test:it should not be before range if right bound of the range is higher than left bound of another range]
display-name: it should not be before range if right bound of the range is higher than left bound of another range
]]></system-out>
</testcase>
<testcase name="it should be after range if left bound of the range is greater than right bound of another range" classname="org.flaxo.structures.RangeSpec" time="0">
<system-out><![CDATA[
unique-id: [engine:spek]/[spec:org.flaxo.structures.RangeSpec]/[group:describe range]/[group:on checking if range is after another range]/[test:it should be after range if left bound of the range is greater than right bound of another range]
display-name: it should be after range if left bound of the range is greater than right bound of another range
]]></system-out>
</testcase>
<testcase name="it should not be after range if left bound of the range equals to right bound of another range" classname="org.flaxo.structures.RangeSpec" time="0">
<system-out><![CDATA[
unique-id: [engine:spek]/[spec:org.flaxo.structures.RangeSpec]/[group:describe range]/[group:on checking if range is after another range]/[test:it should not be after range if left bound of the range equals to right bound of another range]
display-name: it should not be after range if left bound of the range equals to right bound of another range
]]></system-out>
</testcase>
<testcase name="it should not be after range if left bound of the range is lower than right bound of another range" classname="org.flaxo.structures.RangeSpec" time="0">
<system-out><![CDATA[
unique-id: [engine:spek]/[spec:org.flaxo.structures.RangeSpec]/[group:describe range]/[group:on checking if range is after another range]/[test:it should not be after range if left bound of the range is lower than right bound of another range]
display-name: it should not be after range if left bound of the range is lower than right bound of another range
]]></system-out>
</testcase>
<testcase name="it should be concurrent with range if ranges have overlapping elements" classname="org.flaxo.structures.RangeSpec" time="0">
<system-out><![CDATA[
unique-id: [engine:spek]/[spec:org.flaxo.structures.RangeSpec]/[group:describe range]/[group:on checking if range is concurrent with another range]/[test:it should be concurrent with range if ranges have overlapping elements]
display-name: it should be concurrent with range if ranges have overlapping elements
]]></system-out>
</testcase>
<testcase name="it should be concurrent with itself" classname="org.flaxo.structures.RangeSpec" time="0">
<system-out><![CDATA[
unique-id: [engine:spek]/[spec:org.flaxo.structures.RangeSpec]/[group:describe range]/[group:on checking if range is concurrent with another range]/[test:it should be concurrent with itself]
display-name: it should be concurrent with itself
]]></system-out>
</testcase>
<testcase name="it should not be concurrent with range if ranges have no overlapping elements" classname="org.flaxo.structures.RangeSpec" time="0">
<system-out><![CDATA[
unique-id: [engine:spek]/[spec:org.flaxo.structures.RangeSpec]/[group:describe range]/[group:on checking if range is concurrent with another range]/[test:it should not be concurrent with range if ranges have no overlapping elements]
display-name: it should not be concurrent with range if ranges have no overlapping elements
]]></system-out>
</testcase>
<testcase name="it should return a list that contains each element from left bound to right bound" classname="org.flaxo.structures.RangeSpec" time="0">
<system-out><![CDATA[
unique-id: [engine:spek]/[spec:org.flaxo.structures.RangeSpec]/[group:describe range]/[group:on getting range as a list]/[test:it should return a list that contains each element from left bound to right bound]
display-name: it should return a list that contains each element from left bound to right bound
]]></system-out>
</testcase>
<testcase name="it should return iterator for each element from left bound to right bound" classname="org.flaxo.structures.RangeSpec" time="0.031">
<system-out><![CDATA[
unique-id: [engine:spek]/[spec:org.flaxo.structures.RangeSpec]/[group:describe range]/[group:on getting an iterator]/[test:it should return iterator for each element from left bound to right bound]
display-name: it should return iterator for each element from left bound to right bound
]]></system-out>
</testcase>
<system-out><![CDATA[
unique-id: [engine:spek]
display-name: Spek
]]></system-out>
</testsuite>
